2025-01-07 23:24:30,295 - ERROR - Erro to search emails: 1054 (42S22): Unknown column 'emails' in 'field list'
2025-01-07 23:24:50,088 - ERROR - Erro to search emails: 1054 (42S22): Unknown column 'emails' in 'field list'
2025-01-07 23:35:09,389 - ERROR - Erro to search emails: 1054 (42S22): Unknown column 'emails' in 'field list'
2025-01-07 23:35:22,227 - ERROR - Erro to search emails: 1054 (42S22): Unknown column 'emails' in 'field list'
2025-01-07 23:48:16,370 - ERROR - Erro to search emails: 1054 (42S22): Unknown column 'emails' in 'field list'
2025-01-07 23:56:02,446 - ERROR - Erro ao buscar emails: 1054 (42S22): Unknown column 'emails' in 'field list'
2025-01-07 23:59:09,855 - DEBUG - Email original: ThaisSilva6515415@gmail.com -> Email alterado: ThaisSilva6515415+01@gmail.com
2025-01-07 23:59:09,855 - DEBUG - Email original: ThaisSilva6514278@gmail.com -> Email alterado: ThaisSilva6514278+01@gmail.com
2025-01-07 23:59:09,856 - DEBUG - Email original: ThaisSilva6515481@gmail.com -> Email alterado: ThaisSilva6515481+01@gmail.com
2025-01-07 23:59:09,856 - DEBUG - Email original: ThaisSilva6519428@gmail.com -> Email alterado: ThaisSilva6519428+01@gmail.com
2025-01-07 23:59:09,856 - DEBUG - Email original: ThaisSilva6517767@gmail.com -> Email alterado: ThaisSilva6517767+01@gmail.com
2025-01-07 23:59:09,856 - DEBUG - Email original: GabrielaSousa9625727@gmail.com -> Email alterado: GabrielaSousa9625727+01@gmail.com
2025-01-07 23:59:09,856 - DEBUG - Email original: GabrielaSousa9624890@gmail.com -> Email alterado: GabrielaSousa9624890+01@gmail.com
2025-01-07 23:59:09,856 - DEBUG - Email original: GabrielaSousa9624828@gmail.com -> Email alterado: GabrielaSousa9624828+01@gmail.com
2025-01-07 23:59:09,856 - DEBUG - Email original: GabrielaSousa9628646@gmail.com -> Email alterado: GabrielaSousa9628646+01@gmail.com
2025-01-07 23:59:09,857 - DEBUG - Email original: GabrielaSousa9625051@gmail.com -> Email alterado: GabrielaSousa9625051+01@gmail.com
2025-01-07 23:59:09,857 - DEBUG - Email original: MonicaRodrigues2883113@gmail.com -> Email alterado: MonicaRodrigues2883113+01@gmail.com
2025-01-07 23:59:09,857 - DEBUG - Email original: MonicaRodrigues2889174@gmail.com -> Email alterado: MonicaRodrigues2889174+01@gmail.com
2025-01-07 23:59:09,857 - DEBUG - Email original: MonicaRodrigues2884995@gmail.com -> Email alterado: MonicaRodrigues2884995+01@gmail.com
2025-01-07 23:59:09,857 - DEBUG - Email original: MonicaRodrigues2885290@gmail.com -> Email alterado: MonicaRodrigues2885290+01@gmail.com
2025-01-07 23:59:09,857 - DEBUG - Email original: MonicaRodrigues2886931@gmail.com -> Email alterado: MonicaRodrigues2886931+01@gmail.com
2025-01-07 23:59:09,857 - DEBUG - Email original: MonicaAraujo9817948@gmail.com -> Email alterado: MonicaAraujo9817948+01@gmail.com
2025-01-07 23:59:09,857 - DEBUG - Email original: MonicaAraujo9811299@gmail.com -> Email alterado: MonicaAraujo9811299+01@gmail.com
2025-01-07 23:59:09,858 - DEBUG - Email original: MonicaAraujo9817040@gmail.com -> Email alterado: MonicaAraujo9817040+01@gmail.com
2025-01-07 23:59:09,858 - DEBUG - Email original: MonicaAraujo9818573@gmail.com -> Email alterado: MonicaAraujo9818573+01@gmail.com
2025-01-07 23:59:09,858 - DEBUG - Email original: MonicaAraujo9818237@gmail.com -> Email alterado: MonicaAraujo9818237+01@gmail.com
2025-01-07 23:59:09,858 - DEBUG - Email original: MonicaOliveira5591301@gmail.com -> Email alterado: MonicaOliveira5591301+01@gmail.com
2025-01-07 23:59:09,858 - DEBUG - Email original: MonicaOliveira5596591@gmail.com -> Email alterado: MonicaOliveira5596591+01@gmail.com
2025-01-07 23:59:09,858 - DEBUG - Email original: MonicaOliveira5599062@gmail.com -> Email alterado: MonicaOliveira5599062+01@gmail.com
2025-01-07 23:59:09,859 - DEBUG - Email original: MonicaOliveira5598119@gmail.com -> Email alterado: MonicaOliveira5598119+01@gmail.com
2025-01-07 23:59:09,859 - DEBUG - Email original: MonicaOliveira5595485@gmail.com -> Email alterado: MonicaOliveira5595485+01@gmail.com
2025-01-07 23:59:09,859 - DEBUG - Email original: FernandaRibeiro6449139@gmail.com -> Email alterado: FernandaRibeiro6449139+01@gmail.com
2025-01-07 23:59:09,859 - DEBUG - Email original: FernandaRibeiro6442771@gmail.com -> Email alterado: FernandaRibeiro6442771+01@gmail.com
2025-01-07 23:59:09,859 - DEBUG - Email original: FernandaRibeiro6449610@gmail.com -> Email alterado: FernandaRibeiro6449610+01@gmail.com
2025-01-07 23:59:09,859 - DEBUG - Email original: FernandaRibeiro6447176@gmail.com -> Email alterado: FernandaRibeiro6447176+01@gmail.com
2025-01-07 23:59:09,859 - DEBUG - Email original: FernandaRibeiro6449044@gmail.com -> Email alterado: FernandaRibeiro6449044+01@gmail.com
2025-01-07 23:59:09,860 - DEBUG - Email original: MariaMartins4176558@gmail.com -> Email alterado: MariaMartins4176558+01@gmail.com
2025-01-07 23:59:09,860 - DEBUG - Email original: MariaMartins4171799@gmail.com -> Email alterado: MariaMartins4171799+01@gmail.com
2025-01-07 23:59:09,860 - DEBUG - Email original: MariaMartins4174674@gmail.com -> Email alterado: MariaMartins4174674+01@gmail.com
2025-01-07 23:59:09,860 - DEBUG - Email original: MariaMartins4174493@gmail.com -> Email alterado: MariaMartins4174493+01@gmail.com
2025-01-07 23:59:09,860 - DEBUG - Email original: MariaMartins4173322@gmail.com -> Email alterado: MariaMartins4173322+01@gmail.com
2025-01-07 23:59:09,860 - DEBUG - Email original: IsabelaRibeiro3903194@gmail.com -> Email alterado: IsabelaRibeiro3903194+01@gmail.com
2025-01-07 23:59:09,861 - DEBUG - Email original: IsabelaRibeiro3902156@gmail.com -> Email alterado: IsabelaRibeiro3902156+01@gmail.com
2025-01-07 23:59:09,861 - DEBUG - Email original: IsabelaRibeiro3905925@gmail.com -> Email alterado: IsabelaRibeiro3905925+01@gmail.com
2025-01-07 23:59:09,861 - DEBUG - Email original: IsabelaRibeiro3903373@gmail.com -> Email alterado: IsabelaRibeiro3903373+01@gmail.com
2025-01-07 23:59:09,861 - DEBUG - Email original: IsabelaRibeiro3908007@gmail.com -> Email alterado: IsabelaRibeiro3908007+01@gmail.com
2025-01-07 23:59:09,862 - DEBUG - Email original: DianaSousa7167596@gmail.com -> Email alterado: DianaSousa7167596+01@gmail.com
2025-01-07 23:59:09,862 - DEBUG - Email original: DianaSousa7168963@gmail.com -> Email alterado: DianaSousa7168963+01@gmail.com
2025-01-07 23:59:09,862 - DEBUG - Email original: DianaSousa7164502@gmail.com -> Email alterado: DianaSousa7164502+01@gmail.com
2025-01-07 23:59:09,862 - DEBUG - Email original: DianaSousa7166656@gmail.com -> Email alterado: DianaSousa7166656+01@gmail.com
2025-01-07 23:59:09,863 - DEBUG - Email original: DianaSousa7161847@gmail.com -> Email alterado: DianaSousa7161847+01@gmail.com
2025-01-07 23:59:09,863 - DEBUG - Email original: DianaSousa6409136@gmail.com -> Email alterado: DianaSousa6409136+01@gmail.com
2025-01-07 23:59:09,863 - DEBUG - Email original: DianaSousa6406831@gmail.com -> Email alterado: DianaSousa6406831+01@gmail.com
2025-01-07 23:59:09,864 - DEBUG - Email original: DianaSousa6409186@gmail.com -> Email alterado: DianaSousa6409186+01@gmail.com
2025-01-07 23:59:09,864 - DEBUG - Email original: DianaSousa6402697@gmail.com -> Email alterado: DianaSousa6402697+01@gmail.com
2025-01-07 23:59:09,864 - DEBUG - Email original: DianaSousa6402000@gmail.com -> Email alterado: DianaSousa6402000+01@gmail.com
2025-01-07 23:59:09,865 - DEBUG - Email original: CarlaOliveira6821943@gmail.com -> Email alterado: CarlaOliveira6821943+01@gmail.com
2025-01-07 23:59:09,865 - DEBUG - Email original: CarlaOliveira6829879@gmail.com -> Email alterado: CarlaOliveira6829879+01@gmail.com
2025-01-07 23:59:09,865 - DEBUG - Email original: CarlaOliveira6825768@gmail.com -> Email alterado: CarlaOliveira6825768+01@gmail.com
2025-01-07 23:59:09,865 - DEBUG - Email original: CarlaOliveira6823086@gmail.com -> Email alterado: CarlaOliveira6823086+01@gmail.com
2025-01-07 23:59:09,866 - DEBUG - Email original: CarlaOliveira6825437@gmail.com -> Email alterado: CarlaOliveira6825437+01@gmail.com
2025-01-07 23:59:09,866 - DEBUG - Email original: FlaviaBarbosa7411633@gmail.com -> Email alterado: FlaviaBarbosa7411633+01@gmail.com
2025-01-07 23:59:09,866 - DEBUG - Email original: FlaviaBarbosa7417003@gmail.com -> Email alterado: FlaviaBarbosa7417003+01@gmail.com
2025-01-07 23:59:09,866 - DEBUG - Email original: FlaviaBarbosa7419957@gmail.com -> Email alterado: FlaviaBarbosa7419957+01@gmail.com
2025-01-07 23:59:09,867 - DEBUG - Email original: FlaviaBarbosa7412882@gmail.com -> Email alterado: FlaviaBarbosa7412882+01@gmail.com
2025-01-07 23:59:09,868 - DEBUG - Email original: FlaviaBarbosa7416759@gmail.com -> Email alterado: FlaviaBarbosa7416759+01@gmail.com
2025-01-07 23:59:09,868 - DEBUG - Email original: YasminRibeiro8702993@gmail.com -> Email alterado: YasminRibeiro8702993+01@gmail.com
2025-01-07 23:59:09,868 - DEBUG - Email original: YasminRibeiro8705819@gmail.com -> Email alterado: YasminRibeiro8705819+01@gmail.com
2025-01-07 23:59:09,869 - DEBUG - Email original: YasminRibeiro8706710@gmail.com -> Email alterado: YasminRibeiro8706710+01@gmail.com
2025-01-07 23:59:09,869 - DEBUG - Email original: YasminRibeiro8709970@gmail.com -> Email alterado: YasminRibeiro8709970+01@gmail.com
2025-01-07 23:59:09,869 - DEBUG - Email original: YasminRibeiro8704419@gmail.com -> Email alterado: YasminRibeiro8704419+01@gmail.com
2025-01-07 23:59:09,869 - DEBUG - Email original: GabrielaPereira7983544@gmail.com -> Email alterado: GabrielaPereira7983544+01@gmail.com
2025-01-07 23:59:09,870 - DEBUG - Email original: GabrielaPereira7981999@gmail.com -> Email alterado: GabrielaPereira7981999+01@gmail.com
2025-01-07 23:59:09,870 - DEBUG - Email original: GabrielaPereira7981868@gmail.com -> Email alterado: GabrielaPereira7981868+01@gmail.com
2025-01-07 23:59:09,870 - DEBUG - Email original: GabrielaPereira7989533@gmail.com -> Email alterado: GabrielaPereira7989533+01@gmail.com
2025-01-07 23:59:09,870 - DEBUG - Email original: GabrielaPereira7987413@gmail.com -> Email alterado: GabrielaPereira7987413+01@gmail.com
2025-01-07 23:59:09,870 - DEBUG - Email original: DeboraBarbosa9568072@gmail.com -> Email alterado: DeboraBarbosa9568072+01@gmail.com
2025-01-07 23:59:09,871 - DEBUG - Email original: DeboraBarbosa9563552@gmail.com -> Email alterado: DeboraBarbosa9563552+01@gmail.com
2025-01-07 23:59:09,871 - DEBUG - Email original: DeboraBarbosa9568909@gmail.com -> Email alterado: DeboraBarbosa9568909+01@gmail.com
2025-01-07 23:59:09,871 - DEBUG - Email original: DeboraBarbosa9567864@gmail.com -> Email alterado: DeboraBarbosa9567864+01@gmail.com
2025-01-07 23:59:09,871 - DEBUG - Email original: DeboraBarbosa9567550@gmail.com -> Email alterado: DeboraBarbosa9567550+01@gmail.com
2025-01-07 23:59:09,872 - DEBUG - Email original: LuanaLima2668534@gmail.com -> Email alterado: LuanaLima2668534+01@gmail.com
2025-01-07 23:59:09,872 - DEBUG - Email original: LuanaLima2665315@gmail.com -> Email alterado: LuanaLima2665315+01@gmail.com
2025-01-07 23:59:09,872 - DEBUG - Email original: LuanaLima2666626@gmail.com -> Email alterado: LuanaLima2666626+01@gmail.com
2025-01-07 23:59:09,872 - DEBUG - Email original: LuanaLima2666246@gmail.com -> Email alterado: LuanaLima2666246+01@gmail.com
2025-01-07 23:59:09,872 - DEBUG - Email original: LuanaLima2662183@gmail.com -> Email alterado: LuanaLima2662183+01@gmail.com
2025-01-07 23:59:09,873 - DEBUG - Email original: MarianaCosta8619759@gmail.com -> Email alterado: MarianaCosta8619759+01@gmail.com
2025-01-07 23:59:09,873 - DEBUG - Email original: MarianaCosta8617598@gmail.com -> Email alterado: MarianaCosta8617598+01@gmail.com
2025-01-07 23:59:09,873 - DEBUG - Email original: MarianaCosta8618229@gmail.com -> Email alterado: MarianaCosta8618229+01@gmail.com
2025-01-07 23:59:09,874 - DEBUG - Email original: MarianaCosta8611502@gmail.com -> Email alterado: MarianaCosta8611502+01@gmail.com
2025-01-07 23:59:09,874 - DEBUG - Email original: MarianaCosta8614395@gmail.com -> Email alterado: MarianaCosta8614395+01@gmail.com
2025-01-07 23:59:09,874 - DEBUG - Email original: LarissaAraujo6947629@gmail.com -> Email alterado: LarissaAraujo6947629+01@gmail.com
2025-01-07 23:59:09,875 - DEBUG - Email original: LarissaAraujo6944071@gmail.com -> Email alterado: LarissaAraujo6944071+01@gmail.com
2025-01-07 23:59:09,875 - DEBUG - Email original: LarissaAraujo6942963@gmail.com -> Email alterado: LarissaAraujo6942963+01@gmail.com
2025-01-07 23:59:09,875 - DEBUG - Email original: LarissaAraujo6943927@gmail.com -> Email alterado: LarissaAraujo6943927+01@gmail.com
2025-01-07 23:59:09,876 - DEBUG - Email original: LarissaAraujo6942231@gmail.com -> Email alterado: LarissaAraujo6942231+01@gmail.com
2025-01-07 23:59:09,876 - DEBUG - Email original: FlaviaOliveira7749338@gmail.com -> Email alterado: FlaviaOliveira7749338+01@gmail.com
2025-01-07 23:59:09,876 - DEBUG - Email original: FlaviaOliveira7745880@gmail.com -> Email alterado: FlaviaOliveira7745880+01@gmail.com
2025-01-07 23:59:09,877 - DEBUG - Email original: FlaviaOliveira7749821@gmail.com -> Email alterado: FlaviaOliveira7749821+01@gmail.com
2025-01-07 23:59:09,877 - DEBUG - Email original: FlaviaOliveira7749436@gmail.com -> Email alterado: FlaviaOliveira7749436+01@gmail.com
2025-01-07 23:59:09,877 - DEBUG - Email original: FlaviaOliveira7745871@gmail.com -> Email alterado: FlaviaOliveira7745871+01@gmail.com
2025-01-07 23:59:09,877 - DEBUG - Email original: GabrielaSilva1531965@gmail.com -> Email alterado: GabrielaSilva1531965+01@gmail.com
2025-01-07 23:59:09,878 - DEBUG - Email original: GabrielaSilva1534827@gmail.com -> Email alterado: GabrielaSilva1534827+01@gmail.com
2025-01-07 23:59:09,878 - DEBUG - Email original: GabrielaSilva1536748@gmail.com -> Email alterado: GabrielaSilva1536748+01@gmail.com
2025-01-07 23:59:09,878 - DEBUG - Email original: GabrielaSilva1532856@gmail.com -> Email alterado: GabrielaSilva1532856+01@gmail.com
2025-01-07 23:59:09,878 - DEBUG - Email original: GabrielaSilva1533605@gmail.com -> Email alterado: GabrielaSilva1533605+01@gmail.com
2025-01-07 23:59:09,878 - DEBUG - Email original: CarlaGomes7354613@gmail.com -> Email alterado: CarlaGomes7354613+01@gmail.com
2025-01-07 23:59:09,878 - DEBUG - Email original: CarlaGomes7357176@gmail.com -> Email alterado: CarlaGomes7357176+01@gmail.com
2025-01-07 23:59:09,879 - DEBUG - Email original: CarlaGomes7359291@gmail.com -> Email alterado: CarlaGomes7359291+01@gmail.com
2025-01-07 23:59:09,879 - DEBUG - Email original: CarlaGomes7357378@gmail.com -> Email alterado: CarlaGomes7357378+01@gmail.com
2025-01-07 23:59:09,879 - DEBUG - Email original: CarlaGomes7353853@gmail.com -> Email alterado: CarlaGomes7353853+01@gmail.com
2025-01-07 23:59:09,879 - DEBUG - Email original: CristinaAraujo1213534@gmail.com -> Email alterado: CristinaAraujo1213534+01@gmail.com
2025-01-07 23:59:09,879 - DEBUG - Email original: CristinaAraujo1212552@gmail.com -> Email alterado: CristinaAraujo1212552+01@gmail.com
2025-01-07 23:59:09,879 - DEBUG - Email original: CristinaAraujo1218328@gmail.com -> Email alterado: CristinaAraujo1218328+01@gmail.com
2025-01-07 23:59:09,880 - DEBUG - Email original: CristinaAraujo1215623@gmail.com -> Email alterado: CristinaAraujo1215623+01@gmail.com
2025-01-07 23:59:09,880 - DEBUG - Email original: CristinaAraujo1219430@gmail.com -> Email alterado: CristinaAraujo1219430+01@gmail.com
2025-01-07 23:59:09,880 - DEBUG - Email original: FernandaPereira6471941@gmail.com -> Email alterado: FernandaPereira6471941+01@gmail.com
2025-01-07 23:59:09,881 - DEBUG - Email original: FernandaPereira6478715@gmail.com -> Email alterado: FernandaPereira6478715+01@gmail.com
2025-01-07 23:59:09,881 - DEBUG - Email original: FernandaPereira6473278@gmail.com -> Email alterado: FernandaPereira6473278+01@gmail.com
2025-01-07 23:59:09,882 - DEBUG - Email original: FernandaPereira6473193@gmail.com -> Email alterado: FernandaPereira6473193+01@gmail.com
2025-01-07 23:59:09,882 - DEBUG - Email original: FernandaPereira6471993@gmail.com -> Email alterado: FernandaPereira6471993+01@gmail.com
2025-01-07 23:59:09,883 - DEBUG - Email original: EduardaSilva8834940@gmail.com -> Email alterado: EduardaSilva8834940+01@gmail.com
2025-01-07 23:59:09,883 - DEBUG - Email original: EduardaSilva8836075@gmail.com -> Email alterado: EduardaSilva8836075+01@gmail.com
2025-01-07 23:59:09,884 - DEBUG - Email original: EduardaSilva8832539@gmail.com -> Email alterado: EduardaSilva8832539+01@gmail.com
2025-01-07 23:59:09,884 - DEBUG - Email original: EduardaSilva8836233@gmail.com -> Email alterado: EduardaSilva8836233+01@gmail.com
2025-01-07 23:59:09,884 - DEBUG - Email original: EduardaSilva8835074@gmail.com -> Email alterado: EduardaSilva8835074+01@gmail.com
2025-01-07 23:59:09,885 - DEBUG - Email original: JuliaAraujo5803254@gmail.com -> Email alterado: JuliaAraujo5803254+01@gmail.com
2025-01-07 23:59:09,885 - DEBUG - Email original: JuliaAraujo5804322@gmail.com -> Email alterado: JuliaAraujo5804322+01@gmail.com
2025-01-07 23:59:09,885 - DEBUG - Email original: JuliaAraujo5803168@gmail.com -> Email alterado: JuliaAraujo5803168+01@gmail.com
2025-01-07 23:59:09,886 - DEBUG - Email original: JuliaAraujo5808256@gmail.com -> Email alterado: JuliaAraujo5808256+01@gmail.com
2025-01-07 23:59:09,886 - DEBUG - Email original: JuliaAraujo5808709@gmail.com -> Email alterado: JuliaAraujo5808709+01@gmail.com
2025-01-07 23:59:09,886 - DEBUG - Email original: LarissaSantos8682925@gmail.com -> Email alterado: LarissaSantos8682925+01@gmail.com
2025-01-07 23:59:09,887 - DEBUG - Email original: LarissaSantos8685919@gmail.com -> Email alterado: LarissaSantos8685919+01@gmail.com
2025-01-07 23:59:09,887 - DEBUG - Email original: LarissaSantos8682143@gmail.com -> Email alterado: LarissaSantos8682143+01@gmail.com
2025-01-07 23:59:09,887 - DEBUG - Email original: LarissaSantos8688676@gmail.com -> Email alterado: LarissaSantos8688676+01@gmail.com
2025-01-07 23:59:09,888 - DEBUG - Email original: LarissaSantos8684186@gmail.com -> Email alterado: LarissaSantos8684186+01@gmail.com
2025-01-07 23:59:09,888 - DEBUG - Email original: CarlaSilva7778693@gmail.com -> Email alterado: CarlaSilva7778693+01@gmail.com
2025-01-07 23:59:09,889 - DEBUG - Email original: CarlaSilva7775995@gmail.com -> Email alterado: CarlaSilva7775995+01@gmail.com
2025-01-07 23:59:09,889 - DEBUG - Email original: CarlaSilva7776768@gmail.com -> Email alterado: CarlaSilva7776768+01@gmail.com
2025-01-07 23:59:09,889 - DEBUG - Email original: CarlaSilva7771235@gmail.com -> Email alterado: CarlaSilva7771235+01@gmail.com
2025-01-07 23:59:09,890 - DEBUG - Email original: CarlaSilva7771071@gmail.com -> Email alterado: CarlaSilva7771071+01@gmail.com
2025-01-07 23:59:09,890 - DEBUG - Email original: EduardaBarbosa5828244@gmail.com -> Email alterado: EduardaBarbosa5828244+01@gmail.com
2025-01-07 23:59:09,891 - DEBUG - Email original: EduardaBarbosa5825214@gmail.com -> Email alterado: EduardaBarbosa5825214+01@gmail.com
2025-01-07 23:59:09,891 - DEBUG - Email original: EduardaBarbosa5827074@gmail.com -> Email alterado: EduardaBarbosa5827074+01@gmail.com
2025-01-07 23:59:09,892 - DEBUG - Email original: EduardaBarbosa5822631@gmail.com -> Email alterado: EduardaBarbosa5822631+01@gmail.com
2025-01-07 23:59:09,892 - DEBUG - Email original: EduardaBarbosa5821219@gmail.com -> Email alterado: EduardaBarbosa5821219+01@gmail.com
2025-01-07 23:59:09,892 - DEBUG - Email original: BeatrizOliveira4328518@gmail.com -> Email alterado: BeatrizOliveira4328518+01@gmail.com
2025-01-07 23:59:09,893 - DEBUG - Email original: BeatrizOliveira4328026@gmail.com -> Email alterado: BeatrizOliveira4328026+01@gmail.com
2025-01-07 23:59:09,893 - DEBUG - Email original: BeatrizOliveira4326717@gmail.com -> Email alterado: BeatrizOliveira4326717+01@gmail.com
2025-01-07 23:59:09,893 - DEBUG - Email original: BeatrizOliveira4326140@gmail.com -> Email alterado: BeatrizOliveira4326140+01@gmail.com
2025-01-07 23:59:09,894 - DEBUG - Email original: BeatrizOliveira4325037@gmail.com -> Email alterado: BeatrizOliveira4325037+01@gmail.com
2025-01-07 23:59:09,895 - DEBUG - Email original: AnaMartins6672774@gmail.com -> Email alterado: AnaMartins6672774+01@gmail.com
2025-01-07 23:59:09,896 - DEBUG - Email original: AnaMartins6679016@gmail.com -> Email alterado: AnaMartins6679016+01@gmail.com
2025-01-07 23:59:09,898 - DEBUG - Email original: AnaMartins6674240@gmail.com -> Email alterado: AnaMartins6674240+01@gmail.com
2025-01-07 23:59:09,899 - DEBUG - Email original: AnaMartins6671917@gmail.com -> Email alterado: AnaMartins6671917+01@gmail.com
2025-01-07 23:59:09,899 - DEBUG - Email original: AnaMartins6675756@gmail.com -> Email alterado: AnaMartins6675756+01@gmail.com
2025-01-07 23:59:09,899 - DEBUG - Email original: SophiaRodrigues6886058@gmail.com -> Email alterado: SophiaRodrigues6886058+01@gmail.com
2025-01-07 23:59:09,899 - DEBUG - Email original: SophiaRodrigues6887214@gmail.com -> Email alterado: SophiaRodrigues6887214+01@gmail.com
2025-01-07 23:59:09,899 - DEBUG - Email original: SophiaRodrigues6885914@gmail.com -> Email alterado: SophiaRodrigues6885914+01@gmail.com
2025-01-07 23:59:09,900 - DEBUG - Email original: SophiaRodrigues6881434@gmail.com -> Email alterado: SophiaRodrigues6881434+01@gmail.com
2025-01-07 23:59:09,900 - DEBUG - Email original: SophiaRodrigues6885078@gmail.com -> Email alterado: SophiaRodrigues6885078+01@gmail.com
2025-01-07 23:59:09,900 - DEBUG - Email original: CamilaSantos4778171@gmail.com -> Email alterado: CamilaSantos4778171+01@gmail.com
2025-01-07 23:59:09,901 - DEBUG - Email original: CamilaSantos4778140@gmail.com -> Email alterado: CamilaSantos4778140+01@gmail.com
2025-01-07 23:59:09,901 - DEBUG - Email original: CamilaSantos4773770@gmail.com -> Email alterado: CamilaSantos4773770+01@gmail.com
2025-01-07 23:59:09,901 - DEBUG - Email original: CamilaSantos4775164@gmail.com -> Email alterado: CamilaSantos4775164+01@gmail.com
2025-01-07 23:59:09,902 - DEBUG - Email original: CamilaSantos4777695@gmail.com -> Email alterado: CamilaSantos4777695+01@gmail.com
2025-01-07 23:59:09,902 - DEBUG - Email original: RenataCosta7483195@gmail.com -> Email alterado: RenataCosta7483195+01@gmail.com
2025-01-07 23:59:09,902 - DEBUG - Email original: RenataCosta7483709@gmail.com -> Email alterado: RenataCosta7483709+01@gmail.com
2025-01-07 23:59:09,902 - DEBUG - Email original: RenataCosta7487474@gmail.com -> Email alterado: RenataCosta7487474+01@gmail.com
2025-01-07 23:59:09,902 - DEBUG - Email original: RenataCosta7486238@gmail.com -> Email alterado: RenataCosta7486238+01@gmail.com
2025-01-07 23:59:09,903 - DEBUG - Email original: RenataCosta7481584@gmail.com -> Email alterado: RenataCosta7481584+01@gmail.com
2025-01-07 23:59:09,903 - DEBUG - Email original: MarianaMartins6049007@gmail.com -> Email alterado: MarianaMartins6049007+01@gmail.com
2025-01-07 23:59:09,903 - DEBUG - Email original: MarianaMartins6045454@gmail.com -> Email alterado: MarianaMartins6045454+01@gmail.com
2025-01-07 23:59:09,903 - DEBUG - Email original: MarianaMartins6047274@gmail.com -> Email alterado: MarianaMartins6047274+01@gmail.com
2025-01-07 23:59:09,904 - DEBUG - Email original: MarianaMartins6049932@gmail.com -> Email alterado: MarianaMartins6049932+01@gmail.com
2025-01-07 23:59:09,904 - DEBUG - Email original: MarianaMartins6042531@gmail.com -> Email alterado: MarianaMartins6042531+01@gmail.com
2025-01-07 23:59:09,904 - DEBUG - Email original: BeatrizRodrigues8006557@gmail.com -> Email alterado: BeatrizRodrigues8006557+01@gmail.com
2025-01-07 23:59:09,904 - DEBUG - Email original: BeatrizRodrigues8003954@gmail.com -> Email alterado: BeatrizRodrigues8003954+01@gmail.com
2025-01-07 23:59:09,904 - DEBUG - Email original: BeatrizRodrigues8002393@gmail.com -> Email alterado: BeatrizRodrigues8002393+01@gmail.com
2025-01-07 23:59:09,904 - DEBUG - Email original: BeatrizRodrigues8007322@gmail.com -> Email alterado: BeatrizRodrigues8007322+01@gmail.com
2025-01-07 23:59:09,905 - DEBUG - Email original: BeatrizRodrigues8003466@gmail.com -> Email alterado: BeatrizRodrigues8003466+01@gmail.com
2025-01-07 23:59:09,905 - DEBUG - Email original: RafaelaCarvalho4755568@gmail.com -> Email alterado: RafaelaCarvalho4755568+01@gmail.com
2025-01-07 23:59:09,905 - DEBUG - Email original: RafaelaCarvalho4755753@gmail.com -> Email alterado: RafaelaCarvalho4755753+01@gmail.com
2025-01-07 23:59:09,905 - DEBUG - Email original: RafaelaCarvalho4755101@gmail.com -> Email alterado: RafaelaCarvalho4755101+01@gmail.com
2025-01-07 23:59:09,906 - DEBUG - Email original: RafaelaCarvalho4751623@gmail.com -> Email alterado: RafaelaCarvalho4751623+01@gmail.com
2025-01-07 23:59:09,906 - DEBUG - Email original: RafaelaCarvalho4753753@gmail.com -> Email alterado: RafaelaCarvalho4753753+01@gmail.com
2025-01-07 23:59:09,906 - DEBUG - Email original: MarianaBarbosa2193963@gmail.com -> Email alterado: MarianaBarbosa2193963+01@gmail.com
2025-01-07 23:59:09,906 - DEBUG - Email original: MarianaBarbosa2194671@gmail.com -> Email alterado: MarianaBarbosa2194671+01@gmail.com
2025-01-07 23:59:09,906 - DEBUG - Email original: MarianaBarbosa2194502@gmail.com -> Email alterado: MarianaBarbosa2194502+01@gmail.com
2025-01-07 23:59:09,906 - DEBUG - Email original: MarianaBarbosa2196252@gmail.com -> Email alterado: MarianaBarbosa2196252+01@gmail.com
2025-01-07 23:59:09,907 - DEBUG - Email original: MarianaBarbosa2196429@gmail.com -> Email alterado: MarianaBarbosa2196429+01@gmail.com
2025-01-07 23:59:09,908 - DEBUG - Email original: DianaBarbosa8306563@gmail.com -> Email alterado: DianaBarbosa8306563+01@gmail.com
2025-01-07 23:59:09,911 - DEBUG - Email original: DianaBarbosa8308746@gmail.com -> Email alterado: DianaBarbosa8308746+01@gmail.com
2025-01-07 23:59:09,912 - DEBUG - Email original: DianaBarbosa8306481@gmail.com -> Email alterado: DianaBarbosa8306481+01@gmail.com
2025-01-07 23:59:09,912 - DEBUG - Email original: DianaBarbosa8307193@gmail.com -> Email alterado: DianaBarbosa8307193+01@gmail.com
2025-01-07 23:59:09,913 - DEBUG - Email original: DianaBarbosa8303138@gmail.com -> Email alterado: DianaBarbosa8303138+01@gmail.com
2025-01-07 23:59:09,913 - DEBUG - Email original: ValentinaCarvalho3172134@gmail.com -> Email alterado: ValentinaCarvalho3172134+01@gmail.com
2025-01-07 23:59:09,914 - DEBUG - Email original: ValentinaCarvalho3172539@gmail.com -> Email alterado: ValentinaCarvalho3172539+01@gmail.com
2025-01-07 23:59:09,915 - DEBUG - Email original: ValentinaCarvalho3173476@gmail.com -> Email alterado: ValentinaCarvalho3173476+01@gmail.com
2025-01-07 23:59:09,915 - DEBUG - Email original: ValentinaCarvalho3173259@gmail.com -> Email alterado: ValentinaCarvalho3173259+01@gmail.com
2025-01-07 23:59:09,915 - DEBUG - Email original: ValentinaCarvalho3176487@gmail.com -> Email alterado: ValentinaCarvalho3176487+01@gmail.com
2025-01-07 23:59:09,916 - DEBUG - Email original: IsabelaRibeiro1463199@gmail.com -> Email alterado: IsabelaRibeiro1463199+01@gmail.com
2025-01-07 23:59:09,916 - DEBUG - Email original: IsabelaRibeiro1461372@gmail.com -> Email alterado: IsabelaRibeiro1461372+01@gmail.com
2025-01-07 23:59:09,916 - DEBUG - Email original: IsabelaRibeiro1463815@gmail.com -> Email alterado: IsabelaRibeiro1463815+01@gmail.com
2025-01-07 23:59:09,916 - DEBUG - Email original: IsabelaRibeiro1467175@gmail.com -> Email alterado: IsabelaRibeiro1467175+01@gmail.com
2025-01-07 23:59:09,917 - DEBUG - Email original: IsabelaRibeiro1468757@gmail.com -> Email alterado: IsabelaRibeiro1468757+01@gmail.com
2025-01-07 23:59:09,917 - DEBUG - Email original: AmandaCarvalho5585553@gmail.com -> Email alterado: AmandaCarvalho5585553+01@gmail.com
2025-01-07 23:59:09,917 - DEBUG - Email original: AmandaCarvalho5588190@gmail.com -> Email alterado: AmandaCarvalho5588190+01@gmail.com
2025-01-07 23:59:09,917 - DEBUG - Email original: AmandaCarvalho5584932@gmail.com -> Email alterado: AmandaCarvalho5584932+01@gmail.com
2025-01-07 23:59:09,918 - DEBUG - Email original: AmandaCarvalho5585188@gmail.com -> Email alterado: AmandaCarvalho5585188+01@gmail.com
2025-01-07 23:59:09,918 - DEBUG - Email original: AmandaCarvalho5581691@gmail.com -> Email alterado: AmandaCarvalho5581691+01@gmail.com
2025-01-07 23:59:09,918 - DEBUG - Email original: LuanaCarvalho3966901@gmail.com -> Email alterado: LuanaCarvalho3966901+01@gmail.com
2025-01-07 23:59:09,918 - DEBUG - Email original: LuanaCarvalho3967430@gmail.com -> Email alterado: LuanaCarvalho3967430+01@gmail.com
2025-01-07 23:59:09,919 - DEBUG - Email original: LuanaCarvalho3963011@gmail.com -> Email alterado: LuanaCarvalho3963011+01@gmail.com
2025-01-07 23:59:09,919 - DEBUG - Email original: LuanaCarvalho3967402@gmail.com -> Email alterado: LuanaCarvalho3967402+01@gmail.com
2025-01-07 23:59:09,919 - DEBUG - Email original: LuanaCarvalho3962354@gmail.com -> Email alterado: LuanaCarvalho3962354+01@gmail.com
2025-01-07 23:59:09,919 - DEBUG - Email original: AliceOliveira6159752@gmail.com -> Email alterado: AliceOliveira6159752+01@gmail.com
2025-01-07 23:59:09,920 - DEBUG - Email original: AliceOliveira6155585@gmail.com -> Email alterado: AliceOliveira6155585+01@gmail.com
2025-01-07 23:59:09,920 - DEBUG - Email original: AliceOliveira6158305@gmail.com -> Email alterado: AliceOliveira6158305+01@gmail.com
2025-01-07 23:59:09,921 - DEBUG - Email original: AliceOliveira6159737@gmail.com -> Email alterado: AliceOliveira6159737+01@gmail.com
2025-01-07 23:59:09,922 - DEBUG - Email original: AliceOliveira6152367@gmail.com -> Email alterado: AliceOliveira6152367+01@gmail.com
2025-01-07 23:59:09,923 - DEBUG - Email original: PatriciaFerreira4224494@gmail.com -> Email alterado: PatriciaFerreira4224494+01@gmail.com
2025-01-07 23:59:09,923 - DEBUG - Email original: PatriciaFerreira4222450@gmail.com -> Email alterado: PatriciaFerreira4222450+01@gmail.com
2025-01-07 23:59:09,924 - DEBUG - Email original: PatriciaFerreira4224862@gmail.com -> Email alterado: PatriciaFerreira4224862+01@gmail.com
2025-01-07 23:59:09,924 - DEBUG - Email original: PatriciaFerreira4227247@gmail.com -> Email alterado: PatriciaFerreira4227247+01@gmail.com
2025-01-07 23:59:09,924 - DEBUG - Email original: PatriciaFerreira4226751@gmail.com -> Email alterado: PatriciaFerreira4226751+01@gmail.com
2025-01-07 23:59:09,924 - DEBUG - Email original: FlaviaGomes9306006@gmail.com -> Email alterado: FlaviaGomes9306006+01@gmail.com
2025-01-07 23:59:09,925 - DEBUG - Email original: FlaviaGomes9308176@gmail.com -> Email alterado: FlaviaGomes9308176+01@gmail.com
2025-01-07 23:59:09,925 - DEBUG - Email original: FlaviaGomes9302093@gmail.com -> Email alterado: FlaviaGomes9302093+01@gmail.com
2025-01-07 23:59:09,925 - DEBUG - Email original: FlaviaGomes9309571@gmail.com -> Email alterado: FlaviaGomes9309571+01@gmail.com
2025-01-07 23:59:09,925 - DEBUG - Email original: FlaviaGomes9309800@gmail.com -> Email alterado: FlaviaGomes9309800+01@gmail.com
2025-01-07 23:59:09,926 - DEBUG - Email original: LeticiaCosta7462198@gmail.com -> Email alterado: LeticiaCosta7462198+01@gmail.com
2025-01-07 23:59:09,926 - DEBUG - Email original: LeticiaCosta7461945@gmail.com -> Email alterado: LeticiaCosta7461945+01@gmail.com
2025-01-07 23:59:09,927 - DEBUG - Email original: LeticiaCosta7463064@gmail.com -> Email alterado: LeticiaCosta7463064+01@gmail.com
2025-01-07 23:59:09,927 - DEBUG - Email original: LeticiaCosta7465189@gmail.com -> Email alterado: LeticiaCosta7465189+01@gmail.com
2025-01-07 23:59:09,927 - DEBUG - Email original: LeticiaCosta7467874@gmail.com -> Email alterado: LeticiaCosta7467874+01@gmail.com
2025-01-07 23:59:09,928 - DEBUG - Email original: IsabelaAlmeida2859007@gmail.com -> Email alterado: IsabelaAlmeida2859007+01@gmail.com
2025-01-07 23:59:09,928 - DEBUG - Email original: IsabelaAlmeida2854891@gmail.com -> Email alterado: IsabelaAlmeida2854891+01@gmail.com
2025-01-07 23:59:09,928 - DEBUG - Email original: IsabelaAlmeida2854660@gmail.com -> Email alterado: IsabelaAlmeida2854660+01@gmail.com
2025-01-07 23:59:09,928 - DEBUG - Email original: IsabelaAlmeida2853241@gmail.com -> Email alterado: IsabelaAlmeida2853241+01@gmail.com
2025-01-07 23:59:09,929 - DEBUG - Email original: IsabelaAlmeida2853468@gmail.com -> Email alterado: IsabelaAlmeida2853468+01@gmail.com
2025-01-07 23:59:09,929 - DEBUG - Email original: MonicaAlmeida8839522@gmail.com -> Email alterado: MonicaAlmeida8839522+01@gmail.com
2025-01-07 23:59:09,929 - DEBUG - Email original: MonicaAlmeida8836582@gmail.com -> Email alterado: MonicaAlmeida8836582+01@gmail.com
2025-01-07 23:59:09,929 - DEBUG - Email original: MonicaAlmeida8835371@gmail.com -> Email alterado: MonicaAlmeida8835371+01@gmail.com
2025-01-07 23:59:09,929 - DEBUG - Email original: MonicaAlmeida8835855@gmail.com -> Email alterado: MonicaAlmeida8835855+01@gmail.com
2025-01-07 23:59:09,930 - DEBUG - Email original: MonicaAlmeida8832847@gmail.com -> Email alterado: MonicaAlmeida8832847+01@gmail.com
2025-01-07 23:59:09,930 - DEBUG - Email original: ThaisBarbosa5248230@gmail.com -> Email alterado: ThaisBarbosa5248230+01@gmail.com
2025-01-07 23:59:09,930 - DEBUG - Email original: ThaisBarbosa5244390@gmail.com -> Email alterado: ThaisBarbosa5244390+01@gmail.com
2025-01-07 23:59:09,930 - DEBUG - Email original: ThaisBarbosa5248420@gmail.com -> Email alterado: ThaisBarbosa5248420+01@gmail.com
2025-01-07 23:59:09,931 - DEBUG - Email original: ThaisBarbosa5246805@gmail.com -> Email alterado: ThaisBarbosa5246805+01@gmail.com
2025-01-07 23:59:09,931 - DEBUG - Email original: ThaisBarbosa5242386@gmail.com -> Email alterado: ThaisBarbosa5242386+01@gmail.com
2025-01-07 23:59:09,931 - DEBUG - Email original: ValentinaCarvalho9149310@gmail.com -> Email alterado: ValentinaCarvalho9149310+01@gmail.com
2025-01-07 23:59:09,931 - DEBUG - Email original: ValentinaCarvalho9141877@gmail.com -> Email alterado: ValentinaCarvalho9141877+01@gmail.com
2025-01-07 23:59:09,931 - DEBUG - Email original: ValentinaCarvalho9146836@gmail.com -> Email alterado: ValentinaCarvalho9146836+01@gmail.com
2025-01-07 23:59:09,931 - DEBUG - Email original: ValentinaCarvalho9146931@gmail.com -> Email alterado: ValentinaCarvalho9146931+01@gmail.com
2025-01-07 23:59:09,932 - DEBUG - Email original: ValentinaCarvalho9146470@gmail.com -> Email alterado: ValentinaCarvalho9146470+01@gmail.com
2025-01-07 23:59:09,932 - DEBUG - Email original: JuliaSilva8158356@gmail.com -> Email alterado: JuliaSilva8158356+01@gmail.com
2025-01-07 23:59:09,932 - DEBUG - Email original: JuliaSilva8152142@gmail.com -> Email alterado: JuliaSilva8152142+01@gmail.com
2025-01-07 23:59:09,932 - DEBUG - Email original: JuliaSilva8158788@gmail.com -> Email alterado: JuliaSilva8158788+01@gmail.com
2025-01-07 23:59:09,932 - DEBUG - Email original: JuliaSilva8152165@gmail.com -> Email alterado: JuliaSilva8152165+01@gmail.com
2025-01-07 23:59:09,932 - DEBUG - Email original: JuliaSilva8157606@gmail.com -> Email alterado: JuliaSilva8157606+01@gmail.com
2025-01-07 23:59:09,933 - DEBUG - Email original: MonicaSilva7883447@gmail.com -> Email alterado: MonicaSilva7883447+01@gmail.com
2025-01-07 23:59:09,933 - DEBUG - Email original: MonicaSilva7881601@gmail.com -> Email alterado: MonicaSilva7881601+01@gmail.com
2025-01-07 23:59:09,933 - DEBUG - Email original: MonicaSilva7884943@gmail.com -> Email alterado: MonicaSilva7884943+01@gmail.com
2025-01-07 23:59:09,933 - DEBUG - Email original: MonicaSilva7889579@gmail.com -> Email alterado: MonicaSilva7889579+01@gmail.com
2025-01-07 23:59:09,934 - DEBUG - Email original: MonicaSilva7889620@gmail.com -> Email alterado: MonicaSilva7889620+01@gmail.com
2025-01-07 23:59:09,936 - DEBUG - Email original: LuizaSousa6348215@gmail.com -> Email alterado: LuizaSousa6348215+01@gmail.com
2025-01-07 23:59:09,937 - DEBUG - Email original: LuizaSousa6344048@gmail.com -> Email alterado: LuizaSousa6344048+01@gmail.com
2025-01-07 23:59:09,937 - DEBUG - Email original: LuizaSousa6348578@gmail.com -> Email alterado: LuizaSousa6348578+01@gmail.com
2025-01-07 23:59:09,937 - DEBUG - Email original: LuizaSousa6346929@gmail.com -> Email alterado: LuizaSousa6346929+01@gmail.com
2025-01-07 23:59:09,937 - DEBUG - Email original: LuizaSousa6342279@gmail.com -> Email alterado: LuizaSousa6342279+01@gmail.com
2025-01-07 23:59:09,938 - DEBUG - Email original: TatianaPereira8686031@gmail.com -> Email alterado: TatianaPereira8686031+01@gmail.com
2025-01-07 23:59:09,938 - DEBUG - Email original: TatianaPereira8682023@gmail.com -> Email alterado: TatianaPereira8682023+01@gmail.com
2025-01-07 23:59:09,938 - DEBUG - Email original: TatianaPereira8682951@gmail.com -> Email alterado: TatianaPereira8682951+01@gmail.com
2025-01-07 23:59:09,938 - DEBUG - Email original: TatianaPereira8687354@gmail.com -> Email alterado: TatianaPereira8687354+01@gmail.com
2025-01-07 23:59:09,939 - DEBUG - Email original: TatianaPereira8688365@gmail.com -> Email alterado: TatianaPereira8688365+01@gmail.com
2025-01-07 23:59:09,939 - DEBUG - Email original: FernandaBarbosa4408767@gmail.com -> Email alterado: FernandaBarbosa4408767+01@gmail.com
2025-01-07 23:59:09,941 - DEBUG - Email original: FernandaBarbosa4402135@gmail.com -> Email alterado: FernandaBarbosa4402135+01@gmail.com
2025-01-07 23:59:09,941 - DEBUG - Email original: FernandaBarbosa4403428@gmail.com -> Email alterado: FernandaBarbosa4403428+01@gmail.com
2025-01-07 23:59:09,941 - DEBUG - Email original: FernandaBarbosa4409467@gmail.com -> Email alterado: FernandaBarbosa4409467+01@gmail.com
2025-01-07 23:59:09,942 - DEBUG - Email original: FernandaBarbosa4406686@gmail.com -> Email alterado: FernandaBarbosa4406686+01@gmail.com
2025-01-07 23:59:09,942 - DEBUG - Email original: RenataSilva1559854@gmail.com -> Email alterado: RenataSilva1559854+01@gmail.com
2025-01-07 23:59:09,942 - DEBUG - Email original: RenataSilva1554999@gmail.com -> Email alterado: RenataSilva1554999+01@gmail.com
2025-01-07 23:59:09,942 - DEBUG - Email original: RenataSilva1554905@gmail.com -> Email alterado: RenataSilva1554905+01@gmail.com
2025-01-07 23:59:09,943 - DEBUG - Email original: RenataSilva1554513@gmail.com -> Email alterado: RenataSilva1554513+01@gmail.com
2025-01-07 23:59:09,943 - DEBUG - Email original: RenataSilva1551698@gmail.com -> Email alterado: RenataSilva1551698+01@gmail.com
2025-01-07 23:59:09,943 - DEBUG - Email original: EduardaGomes5316302@gmail.com -> Email alterado: EduardaGomes5316302+01@gmail.com
2025-01-07 23:59:09,944 - DEBUG - Email original: EduardaGomes5319589@gmail.com -> Email alterado: EduardaGomes5319589+01@gmail.com
2025-01-07 23:59:09,944 - DEBUG - Email original: EduardaGomes5318049@gmail.com -> Email alterado: EduardaGomes5318049+01@gmail.com
2025-01-07 23:59:09,944 - DEBUG - Email original: EduardaGomes5312378@gmail.com -> Email alterado: EduardaGomes5312378+01@gmail.com
2025-01-07 23:59:09,944 - DEBUG - Email original: EduardaGomes5313030@gmail.com -> Email alterado: EduardaGomes5313030+01@gmail.com
2025-01-07 23:59:09,945 - DEBUG - Email original: TatianaAraujo9034245@gmail.com -> Email alterado: TatianaAraujo9034245+01@gmail.com
2025-01-07 23:59:09,945 - DEBUG - Email original: TatianaAraujo9034252@gmail.com -> Email alterado: TatianaAraujo9034252+01@gmail.com
2025-01-07 23:59:09,945 - DEBUG - Email original: TatianaAraujo9034687@gmail.com -> Email alterado: TatianaAraujo9034687+01@gmail.com
2025-01-07 23:59:09,945 - DEBUG - Email original: TatianaAraujo9034700@gmail.com -> Email alterado: TatianaAraujo9034700+01@gmail.com
2025-01-07 23:59:09,945 - DEBUG - Email original: TatianaAraujo9033928@gmail.com -> Email alterado: TatianaAraujo9033928+01@gmail.com
2025-01-07 23:59:09,946 - DEBUG - Email original: SophiaPereira7778943@gmail.com -> Email alterado: SophiaPereira7778943+01@gmail.com
2025-01-07 23:59:09,946 - DEBUG - Email original: SophiaPereira7776653@gmail.com -> Email alterado: SophiaPereira7776653+01@gmail.com
2025-01-07 23:59:09,946 - DEBUG - Email original: SophiaPereira7771558@gmail.com -> Email alterado: SophiaPereira7771558+01@gmail.com
2025-01-07 23:59:09,946 - DEBUG - Email original: SophiaPereira7772071@gmail.com -> Email alterado: SophiaPereira7772071+01@gmail.com
2025-01-07 23:59:09,947 - DEBUG - Email original: SophiaPereira7773483@gmail.com -> Email alterado: SophiaPereira7773483+01@gmail.com
2025-01-07 23:59:09,948 - DEBUG - Email original: BiancaLima4116246@gmail.com -> Email alterado: BiancaLima4116246+01@gmail.com
2025-01-07 23:59:09,951 - DEBUG - Email original: BiancaLima4113574@gmail.com -> Email alterado: BiancaLima4113574+01@gmail.com
2025-01-07 23:59:09,951 - DEBUG - Email original: BiancaLima4116604@gmail.com -> Email alterado: BiancaLima4116604+01@gmail.com
2025-01-07 23:59:09,952 - DEBUG - Email original: BiancaLima4115441@gmail.com -> Email alterado: BiancaLima4115441+01@gmail.com
2025-01-07 23:59:09,952 - DEBUG - Email original: BiancaLima4119569@gmail.com -> Email alterado: BiancaLima4119569+01@gmail.com
2025-01-07 23:59:09,953 - DEBUG - Email original: CarlaCosta7372561@gmail.com -> Email alterado: CarlaCosta7372561+01@gmail.com
2025-01-07 23:59:09,953 - DEBUG - Email original: CarlaCosta7377016@gmail.com -> Email alterado: CarlaCosta7377016+01@gmail.com
2025-01-07 23:59:09,953 - DEBUG - Email original: CarlaCosta7375026@gmail.com -> Email alterado: CarlaCosta7375026+01@gmail.com
2025-01-07 23:59:09,954 - DEBUG - Email original: CarlaCosta7374213@gmail.com -> Email alterado: CarlaCosta7374213+01@gmail.com
2025-01-07 23:59:09,954 - DEBUG - Email original: CarlaCosta7374050@gmail.com -> Email alterado: CarlaCosta7374050+01@gmail.com
2025-01-07 23:59:09,954 - DEBUG - Email original: TatianaBarbosa5278380@gmail.com -> Email alterado: TatianaBarbosa5278380+01@gmail.com
2025-01-07 23:59:09,954 - DEBUG - Email original: TatianaBarbosa5276992@gmail.com -> Email alterado: TatianaBarbosa5276992+01@gmail.com
2025-01-07 23:59:09,955 - DEBUG - Email original: TatianaBarbosa5272885@gmail.com -> Email alterado: TatianaBarbosa5272885+01@gmail.com
2025-01-07 23:59:09,955 - DEBUG - Email original: TatianaBarbosa5274977@gmail.com -> Email alterado: TatianaBarbosa5274977+01@gmail.com
2025-01-07 23:59:09,955 - DEBUG - Email original: TatianaBarbosa5275722@gmail.com -> Email alterado: TatianaBarbosa5275722+01@gmail.com
2025-01-07 23:59:09,955 - DEBUG - Email original: RaquelBarbosa6169937@gmail.com -> Email alterado: RaquelBarbosa6169937+01@gmail.com
2025-01-07 23:59:09,955 - DEBUG - Email original: RaquelBarbosa6164661@gmail.com -> Email alterado: RaquelBarbosa6164661+01@gmail.com
2025-01-07 23:59:09,956 - DEBUG - Email original: RaquelBarbosa6167802@gmail.com -> Email alterado: RaquelBarbosa6167802+01@gmail.com
2025-01-07 23:59:09,956 - DEBUG - Email original: RaquelBarbosa6169979@gmail.com -> Email alterado: RaquelBarbosa6169979+01@gmail.com
2025-01-07 23:59:09,956 - DEBUG - Email original: RaquelBarbosa6164917@gmail.com -> Email alterado: RaquelBarbosa6164917+01@gmail.com
2025-01-07 23:59:09,956 - DEBUG - Email original: DianaSousa5154586@gmail.com -> Email alterado: DianaSousa5154586+01@gmail.com
2025-01-07 23:59:09,957 - DEBUG - Email original: DianaSousa5152836@gmail.com -> Email alterado: DianaSousa5152836+01@gmail.com
2025-01-07 23:59:09,957 - DEBUG - Email original: DianaSousa5159120@gmail.com -> Email alterado: DianaSousa5159120+01@gmail.com
2025-01-07 23:59:09,957 - DEBUG - Email original: DianaSousa5151271@gmail.com -> Email alterado: DianaSousa5151271+01@gmail.com
2025-01-07 23:59:09,957 - DEBUG - Email original: DianaSousa5154724@gmail.com -> Email alterado: DianaSousa5154724+01@gmail.com
2025-01-07 23:59:09,958 - DEBUG - Email original: ThaisRodrigues1378869@gmail.com -> Email alterado: ThaisRodrigues1378869+01@gmail.com
2025-01-07 23:59:09,958 - DEBUG - Email original: ThaisRodrigues1371285@gmail.com -> Email alterado: ThaisRodrigues1371285+01@gmail.com
2025-01-07 23:59:09,958 - DEBUG - Email original: ThaisRodrigues1371584@gmail.com -> Email alterado: ThaisRodrigues1371584+01@gmail.com
2025-01-07 23:59:09,958 - DEBUG - Email original: ThaisRodrigues1378973@gmail.com -> Email alterado: ThaisRodrigues1378973+01@gmail.com
2025-01-07 23:59:09,959 - DEBUG - Email original: ThaisRodrigues1371368@gmail.com -> Email alterado: ThaisRodrigues1371368+01@gmail.com
2025-01-07 23:59:09,959 - DEBUG - Email original: CristinaSilva7932079@gmail.com -> Email alterado: CristinaSilva7932079+01@gmail.com
2025-01-07 23:59:09,959 - DEBUG - Email original: CristinaSilva7932935@gmail.com -> Email alterado: CristinaSilva7932935+01@gmail.com
2025-01-07 23:59:09,959 - DEBUG - Email original: CristinaSilva7934037@gmail.com -> Email alterado: CristinaSilva7934037+01@gmail.com
2025-01-07 23:59:09,959 - DEBUG - Email original: CristinaSilva7934000@gmail.com -> Email alterado: CristinaSilva7934000+01@gmail.com
2025-01-07 23:59:09,960 - DEBUG - Email original: CristinaSilva7937182@gmail.com -> Email alterado: CristinaSilva7937182+01@gmail.com
2025-01-07 23:59:09,960 - DEBUG - Email original: PatriciaSilva2873262@gmail.com -> Email alterado: PatriciaSilva2873262+01@gmail.com
2025-01-07 23:59:09,960 - DEBUG - Email original: PatriciaSilva2872635@gmail.com -> Email alterado: PatriciaSilva2872635+01@gmail.com
2025-01-07 23:59:09,960 - DEBUG - Email original: PatriciaSilva2872092@gmail.com -> Email alterado: PatriciaSilva2872092+01@gmail.com
2025-01-07 23:59:09,961 - DEBUG - Email original: PatriciaSilva2878708@gmail.com -> Email alterado: PatriciaSilva2878708+01@gmail.com
2025-01-07 23:59:09,963 - DEBUG - Email original: PatriciaSilva2872287@gmail.com -> Email alterado: PatriciaSilva2872287+01@gmail.com
2025-01-07 23:59:09,963 - DEBUG - Email original: DeboraMartins7405794@gmail.com -> Email alterado: DeboraMartins7405794+01@gmail.com
2025-01-07 23:59:09,964 - DEBUG - Email original: DeboraMartins7405761@gmail.com -> Email alterado: DeboraMartins7405761+01@gmail.com
2025-01-07 23:59:09,964 - DEBUG - Email original: DeboraMartins7401336@gmail.com -> Email alterado: DeboraMartins7401336+01@gmail.com
2025-01-07 23:59:09,965 - DEBUG - Email original: DeboraMartins7401527@gmail.com -> Email alterado: DeboraMartins7401527+01@gmail.com
2025-01-07 23:59:09,965 - DEBUG - Email original: DeboraMartins7407744@gmail.com -> Email alterado: DeboraMartins7407744+01@gmail.com
2025-01-07 23:59:09,965 - DEBUG - Email original: IsabelaSantos6031412@gmail.com -> Email alterado: IsabelaSantos6031412+01@gmail.com
2025-01-07 23:59:09,966 - DEBUG - Email original: IsabelaSantos6039591@gmail.com -> Email alterado: IsabelaSantos6039591+01@gmail.com
2025-01-07 23:59:09,966 - DEBUG - Email original: IsabelaSantos6034998@gmail.com -> Email alterado: IsabelaSantos6034998+01@gmail.com
2025-01-07 23:59:09,966 - DEBUG - Email original: IsabelaSantos6035940@gmail.com -> Email alterado: IsabelaSantos6035940+01@gmail.com
2025-01-07 23:59:09,966 - DEBUG - Email original: IsabelaSantos6032846@gmail.com -> Email alterado: IsabelaSantos6032846+01@gmail.com
2025-01-07 23:59:09,966 - DEBUG - Email original: RaquelAraujo6582590@gmail.com -> Email alterado: RaquelAraujo6582590+01@gmail.com
2025-01-07 23:59:09,967 - DEBUG - Email original: RaquelAraujo6587118@gmail.com -> Email alterado: RaquelAraujo6587118+01@gmail.com
2025-01-07 23:59:09,967 - DEBUG - Email original: RaquelAraujo6588658@gmail.com -> Email alterado: RaquelAraujo6588658+01@gmail.com
2025-01-07 23:59:09,967 - DEBUG - Email original: RaquelAraujo6589109@gmail.com -> Email alterado: RaquelAraujo6589109+01@gmail.com
2025-01-07 23:59:09,967 - DEBUG - Email original: RaquelAraujo6586517@gmail.com -> Email alterado: RaquelAraujo6586517+01@gmail.com
2025-01-07 23:59:09,967 - DEBUG - Email original: GabrielaGomes9874924@gmail.com -> Email alterado: GabrielaGomes9874924+01@gmail.com
2025-01-07 23:59:09,968 - DEBUG - Email original: GabrielaGomes9879629@gmail.com -> Email alterado: GabrielaGomes9879629+01@gmail.com
2025-01-07 23:59:09,968 - DEBUG - Email original: GabrielaGomes9876536@gmail.com -> Email alterado: GabrielaGomes9876536+01@gmail.com
2025-01-07 23:59:09,968 - DEBUG - Email original: GabrielaGomes9877728@gmail.com -> Email alterado: GabrielaGomes9877728+01@gmail.com
2025-01-07 23:59:09,968 - DEBUG - Email original: GabrielaGomes9876162@gmail.com -> Email alterado: GabrielaGomes9876162+01@gmail.com
2025-01-07 23:59:09,968 - DEBUG - Email original: ThaisCarvalho2844503@gmail.com -> Email alterado: ThaisCarvalho2844503+01@gmail.com
2025-01-07 23:59:09,969 - DEBUG - Email original: ThaisCarvalho2843354@gmail.com -> Email alterado: ThaisCarvalho2843354+01@gmail.com
2025-01-07 23:59:09,969 - DEBUG - Email original: ThaisCarvalho2847493@gmail.com -> Email alterado: ThaisCarvalho2847493+01@gmail.com
2025-01-07 23:59:09,969 - DEBUG - Email original: ThaisCarvalho2845189@gmail.com -> Email alterado: ThaisCarvalho2845189+01@gmail.com
2025-01-07 23:59:09,969 - DEBUG - Email original: ThaisCarvalho2841434@gmail.com -> Email alterado: ThaisCarvalho2841434+01@gmail.com
2025-01-07 23:59:09,970 - DEBUG - Email original: RenataCosta2836521@gmail.com -> Email alterado: RenataCosta2836521+01@gmail.com
2025-01-07 23:59:09,970 - DEBUG - Email original: RenataCosta2835868@gmail.com -> Email alterado: RenataCosta2835868+01@gmail.com
2025-01-07 23:59:09,970 - DEBUG - Email original: RenataCosta2836279@gmail.com -> Email alterado: RenataCosta2836279+01@gmail.com
2025-01-07 23:59:09,970 - DEBUG - Email original: RenataCosta2837998@gmail.com -> Email alterado: RenataCosta2837998+01@gmail.com
2025-01-07 23:59:09,970 - DEBUG - Email original: RenataCosta2833014@gmail.com -> Email alterado: RenataCosta2833014+01@gmail.com
2025-01-07 23:59:09,970 - DEBUG - Email original: YasminFerreira9361283@gmail.com -> Email alterado: YasminFerreira9361283+01@gmail.com
2025-01-07 23:59:09,971 - DEBUG - Email original: YasminFerreira9363291@gmail.com -> Email alterado: YasminFerreira9363291+01@gmail.com
2025-01-07 23:59:09,971 - DEBUG - Email original: YasminFerreira9365075@gmail.com -> Email alterado: YasminFerreira9365075+01@gmail.com
2025-01-07 23:59:09,971 - DEBUG - Email original: YasminFerreira9364685@gmail.com -> Email alterado: YasminFerreira9364685+01@gmail.com
2025-01-07 23:59:09,971 - DEBUG - Email original: YasminFerreira9366771@gmail.com -> Email alterado: YasminFerreira9366771+01@gmail.com
2025-01-07 23:59:09,972 - DEBUG - Email original: LeticiaCarvalho1414574@gmail.com -> Email alterado: LeticiaCarvalho1414574+01@gmail.com
2025-01-07 23:59:09,972 - DEBUG - Email original: LeticiaCarvalho1414566@gmail.com -> Email alterado: LeticiaCarvalho1414566+01@gmail.com
2025-01-07 23:59:09,972 - DEBUG - Email original: LeticiaCarvalho1416928@gmail.com -> Email alterado: LeticiaCarvalho1416928+01@gmail.com
2025-01-07 23:59:09,972 - DEBUG - Email original: LeticiaCarvalho1414048@gmail.com -> Email alterado: LeticiaCarvalho1414048+01@gmail.com
2025-01-07 23:59:09,972 - DEBUG - Email original: LeticiaCarvalho1411708@gmail.com -> Email alterado: LeticiaCarvalho1411708+01@gmail.com
2025-01-07 23:59:09,973 - DEBUG - Email original: GabrielaSantos8885025@gmail.com -> Email alterado: GabrielaSantos8885025+01@gmail.com
2025-01-07 23:59:09,973 - DEBUG - Email original: GabrielaSantos8885346@gmail.com -> Email alterado: GabrielaSantos8885346+01@gmail.com
2025-01-07 23:59:09,973 - DEBUG - Email original: GabrielaSantos8882259@gmail.com -> Email alterado: GabrielaSantos8882259+01@gmail.com
2025-01-07 23:59:09,973 - DEBUG - Email original: GabrielaSantos8885402@gmail.com -> Email alterado: GabrielaSantos8885402+01@gmail.com
2025-01-07 23:59:09,977 - DEBUG - Email original: GabrielaSantos8882626@gmail.com -> Email alterado: GabrielaSantos8882626+01@gmail.com
2025-01-07 23:59:09,977 - DEBUG - Email original: LuanaAlmeida3159997@gmail.com -> Email alterado: LuanaAlmeida3159997+01@gmail.com
2025-01-07 23:59:09,978 - DEBUG - Email original: LuanaAlmeida3158946@gmail.com -> Email alterado: LuanaAlmeida3158946+01@gmail.com
2025-01-07 23:59:09,978 - DEBUG - Email original: LuanaAlmeida3152529@gmail.com -> Email alterado: LuanaAlmeida3152529+01@gmail.com
2025-01-07 23:59:09,978 - DEBUG - Email original: LuanaAlmeida3151447@gmail.com -> Email alterado: LuanaAlmeida3151447+01@gmail.com
2025-01-07 23:59:09,978 - DEBUG - Email original: LuanaAlmeida3151321@gmail.com -> Email alterado: LuanaAlmeida3151321+01@gmail.com
2025-01-07 23:59:09,979 - DEBUG - Email original: RafaelaOliveira3821909@gmail.com -> Email alterado: RafaelaOliveira3821909+01@gmail.com
2025-01-07 23:59:09,979 - DEBUG - Email original: RafaelaOliveira3822209@gmail.com -> Email alterado: RafaelaOliveira3822209+01@gmail.com
2025-01-07 23:59:09,979 - DEBUG - Email original: RafaelaOliveira3821770@gmail.com -> Email alterado: RafaelaOliveira3821770+01@gmail.com
2025-01-07 23:59:09,979 - DEBUG - Email original: RafaelaOliveira3824420@gmail.com -> Email alterado: RafaelaOliveira3824420+01@gmail.com
2025-01-07 23:59:09,980 - DEBUG - Email original: RafaelaOliveira3828749@gmail.com -> Email alterado: RafaelaOliveira3828749+01@gmail.com
2025-01-07 23:59:09,980 - DEBUG - Email original: RaquelCosta5344947@gmail.com -> Email alterado: RaquelCosta5344947+01@gmail.com
2025-01-07 23:59:09,980 - DEBUG - Email original: RaquelCosta5344354@gmail.com -> Email alterado: RaquelCosta5344354+01@gmail.com
2025-01-07 23:59:09,980 - DEBUG - Email original: RaquelCosta5342395@gmail.com -> Email alterado: RaquelCosta5342395+01@gmail.com
2025-01-07 23:59:09,980 - DEBUG - Email original: RaquelCosta5346114@gmail.com -> Email alterado: RaquelCosta5346114+01@gmail.com
2025-01-07 23:59:09,981 - DEBUG - Email original: RaquelCosta5349349@gmail.com -> Email alterado: RaquelCosta5349349+01@gmail.com
2025-01-07 23:59:09,981 - DEBUG - Email original: BeatrizRodrigues9615026@gmail.com -> Email alterado: BeatrizRodrigues9615026+01@gmail.com
2025-01-07 23:59:09,981 - DEBUG - Email original: BeatrizRodrigues9619270@gmail.com -> Email alterado: BeatrizRodrigues9619270+01@gmail.com
2025-01-07 23:59:09,982 - DEBUG - Email original: BeatrizRodrigues9618991@gmail.com -> Email alterado: BeatrizRodrigues9618991+01@gmail.com
2025-01-07 23:59:09,982 - DEBUG - Email original: BeatrizRodrigues9616367@gmail.com -> Email alterado: BeatrizRodrigues9616367+01@gmail.com
2025-01-07 23:59:09,982 - DEBUG - Email original: BeatrizRodrigues9613289@gmail.com -> Email alterado: BeatrizRodrigues9613289+01@gmail.com
2025-01-07 23:59:09,983 - DEBUG - Email original: EduardaAlmeida9923802@gmail.com -> Email alterado: EduardaAlmeida9923802+01@gmail.com
2025-01-07 23:59:09,983 - DEBUG - Email original: EduardaAlmeida9922618@gmail.com -> Email alterado: EduardaAlmeida9922618+01@gmail.com
2025-01-07 23:59:09,983 - DEBUG - Email original: EduardaAlmeida9923766@gmail.com -> Email alterado: EduardaAlmeida9923766+01@gmail.com
2025-01-07 23:59:09,983 - DEBUG - Email original: EduardaAlmeida9926803@gmail.com -> Email alterado: EduardaAlmeida9926803+01@gmail.com
2025-01-07 23:59:09,984 - DEBUG - Email original: EduardaAlmeida9929593@gmail.com -> Email alterado: EduardaAlmeida9929593+01@gmail.com
2025-01-07 23:59:09,984 - DEBUG - Email original: FernandaCosta8285081@gmail.com -> Email alterado: FernandaCosta8285081+01@gmail.com
2025-01-07 23:59:09,984 - DEBUG - Email original: FernandaCosta8283906@gmail.com -> Email alterado: FernandaCosta8283906+01@gmail.com
2025-01-07 23:59:09,984 - DEBUG - Email original: FernandaCosta8281845@gmail.com -> Email alterado: FernandaCosta8281845+01@gmail.com
2025-01-07 23:59:09,984 - DEBUG - Email original: FernandaCosta8284423@gmail.com -> Email alterado: FernandaCosta8284423+01@gmail.com
2025-01-07 23:59:09,985 - DEBUG - Email original: FernandaCosta8284048@gmail.com -> Email alterado: FernandaCosta8284048+01@gmail.com
2025-01-07 23:59:09,985 - DEBUG - Email original: DeboraSilva2072636@gmail.com -> Email alterado: DeboraSilva2072636+01@gmail.com
2025-01-07 23:59:09,985 - DEBUG - Email original: DeboraSilva2077758@gmail.com -> Email alterado: DeboraSilva2077758+01@gmail.com
2025-01-07 23:59:09,985 - DEBUG - Email original: DeboraSilva2076930@gmail.com -> Email alterado: DeboraSilva2076930+01@gmail.com
2025-01-07 23:59:09,985 - DEBUG - Email original: DeboraSilva2071587@gmail.com -> Email alterado: DeboraSilva2071587+01@gmail.com
2025-01-07 23:59:09,986 - DEBUG - Email original: DeboraSilva2073118@gmail.com -> Email alterado: DeboraSilva2073118+01@gmail.com
2025-01-07 23:59:09,986 - DEBUG - Email original: TatianaAraujo9569441@gmail.com -> Email alterado: TatianaAraujo9569441+01@gmail.com
2025-01-07 23:59:09,986 - DEBUG - Email original: TatianaAraujo9568339@gmail.com -> Email alterado: TatianaAraujo9568339+01@gmail.com
2025-01-07 23:59:09,986 - DEBUG - Email original: TatianaAraujo9562559@gmail.com -> Email alterado: TatianaAraujo9562559+01@gmail.com
2025-01-07 23:59:09,986 - DEBUG - Email original: TatianaAraujo9568490@gmail.com -> Email alterado: TatianaAraujo9568490+01@gmail.com
2025-01-07 23:59:09,986 - DEBUG - Email original: TatianaAraujo9566654@gmail.com -> Email alterado: TatianaAraujo9566654+01@gmail.com
2025-01-07 23:59:09,987 - DEBUG - Email original: BeatrizPereira8962331@gmail.com -> Email alterado: BeatrizPereira8962331+01@gmail.com
2025-01-07 23:59:09,988 - DEBUG - Email original: BeatrizPereira8964320@gmail.com -> Email alterado: BeatrizPereira8964320+01@gmail.com
2025-01-07 23:59:09,988 - DEBUG - Email original: BeatrizPereira8964375@gmail.com -> Email alterado: BeatrizPereira8964375+01@gmail.com
2025-01-07 23:59:09,989 - DEBUG - Email original: BeatrizPereira8961958@gmail.com -> Email alterado: BeatrizPereira8961958+01@gmail.com
2025-01-07 23:59:09,989 - DEBUG - Email original: BeatrizPereira8966405@gmail.com -> Email alterado: BeatrizPereira8966405+01@gmail.com
2025-01-07 23:59:09,989 - DEBUG - Email original: AmandaMartins8911006@gmail.com -> Email alterado: AmandaMartins8911006+01@gmail.com
2025-01-07 23:59:09,990 - DEBUG - Email original: AmandaMartins8914034@gmail.com -> Email alterado: AmandaMartins8914034+01@gmail.com
2025-01-07 23:59:09,990 - DEBUG - Email original: AmandaMartins8913517@gmail.com -> Email alterado: AmandaMartins8913517+01@gmail.com
2025-01-07 23:59:09,990 - DEBUG - Email original: AmandaMartins8911577@gmail.com -> Email alterado: AmandaMartins8911577+01@gmail.com
2025-01-07 23:59:09,991 - DEBUG - Email original: AmandaMartins8913114@gmail.com -> Email alterado: AmandaMartins8913114+01@gmail.com
2025-01-07 23:59:09,991 - DEBUG - Email original: IsabelaGomes8112957@gmail.com -> Email alterado: IsabelaGomes8112957+01@gmail.com
2025-01-07 23:59:09,991 - DEBUG - Email original: IsabelaGomes8111379@gmail.com -> Email alterado: IsabelaGomes8111379+01@gmail.com
2025-01-07 23:59:09,992 - DEBUG - Email original: IsabelaGomes8118835@gmail.com -> Email alterado: IsabelaGomes8118835+01@gmail.com
2025-01-07 23:59:09,992 - DEBUG - Email original: IsabelaGomes8118891@gmail.com -> Email alterado: IsabelaGomes8118891+01@gmail.com
2025-01-07 23:59:09,992 - DEBUG - Email original: IsabelaGomes8115638@gmail.com -> Email alterado: IsabelaGomes8115638+01@gmail.com
2025-01-07 23:59:09,992 - DEBUG - Email original: TatianaSantos6608281@gmail.com -> Email alterado: TatianaSantos6608281+01@gmail.com
2025-01-07 23:59:09,992 - DEBUG - Email original: TatianaSantos6608715@gmail.com -> Email alterado: TatianaSantos6608715+01@gmail.com
2025-01-07 23:59:09,992 - DEBUG - Email original: TatianaSantos6609597@gmail.com -> Email alterado: TatianaSantos6609597+01@gmail.com
2025-01-07 23:59:09,992 - DEBUG - Email original: TatianaSantos6603280@gmail.com -> Email alterado: TatianaSantos6603280+01@gmail.com
2025-01-07 23:59:09,993 - DEBUG - Email original: TatianaSantos6609896@gmail.com -> Email alterado: TatianaSantos6609896+01@gmail.com
2025-01-07 23:59:09,993 - DEBUG - Email original: FlaviaCosta8041529@gmail.com -> Email alterado: FlaviaCosta8041529+01@gmail.com
2025-01-07 23:59:09,993 - DEBUG - Email original: FlaviaCosta8042830@gmail.com -> Email alterado: FlaviaCosta8042830+01@gmail.com
2025-01-07 23:59:09,993 - DEBUG - Email original: FlaviaCosta8043389@gmail.com -> Email alterado: FlaviaCosta8043389+01@gmail.com
2025-01-07 23:59:09,993 - DEBUG - Email original: FlaviaCosta8041875@gmail.com -> Email alterado: FlaviaCosta8041875+01@gmail.com
2025-01-07 23:59:09,993 - DEBUG - Email original: FlaviaCosta8041736@gmail.com -> Email alterado: FlaviaCosta8041736+01@gmail.com
2025-01-07 23:59:09,993 - DEBUG - Email original: AnaBarbosa9673991@gmail.com -> Email alterado: AnaBarbosa9673991+01@gmail.com
2025-01-07 23:59:09,994 - DEBUG - Email original: AnaBarbosa9679637@gmail.com -> Email alterado: AnaBarbosa9679637+01@gmail.com
2025-01-07 23:59:09,994 - DEBUG - Email original: AnaBarbosa9678889@gmail.com -> Email alterado: AnaBarbosa9678889+01@gmail.com
2025-01-07 23:59:09,994 - DEBUG - Email original: AnaBarbosa9675126@gmail.com -> Email alterado: AnaBarbosa9675126+01@gmail.com
2025-01-07 23:59:09,994 - DEBUG - Email original: AnaBarbosa9675048@gmail.com -> Email alterado: AnaBarbosa9675048+01@gmail.com
2025-01-07 23:59:09,994 - DEBUG - Email original: FernandaOliveira9552446@gmail.com -> Email alterado: FernandaOliveira9552446+01@gmail.com
2025-01-07 23:59:09,994 - DEBUG - Email original: FernandaOliveira9558988@gmail.com -> Email alterado: FernandaOliveira9558988+01@gmail.com
2025-01-07 23:59:09,995 - DEBUG - Email original: FernandaOliveira9552327@gmail.com -> Email alterado: FernandaOliveira9552327+01@gmail.com
2025-01-07 23:59:09,995 - DEBUG - Email original: FernandaOliveira9555974@gmail.com -> Email alterado: FernandaOliveira9555974+01@gmail.com
2025-01-07 23:59:09,995 - DEBUG - Email original: FernandaOliveira9558549@gmail.com -> Email alterado: FernandaOliveira9558549+01@gmail.com
2025-01-07 23:59:09,995 - DEBUG - Email original: MariaSantos1826740@gmail.com -> Email alterado: MariaSantos1826740+01@gmail.com
2025-01-07 23:59:09,995 - DEBUG - Email original: MariaSantos1829007@gmail.com -> Email alterado: MariaSantos1829007+01@gmail.com
2025-01-07 23:59:09,996 - DEBUG - Email original: MariaSantos1821857@gmail.com -> Email alterado: MariaSantos1821857+01@gmail.com
2025-01-07 23:59:09,996 - DEBUG - Email original: MariaSantos1823281@gmail.com -> Email alterado: MariaSantos1823281+01@gmail.com
2025-01-07 23:59:09,996 - DEBUG - Email original: MariaSantos1829925@gmail.com -> Email alterado: MariaSantos1829925+01@gmail.com
2025-01-07 23:59:09,996 - DEBUG - Email original: EduardaMartins4346269@gmail.com -> Email alterado: EduardaMartins4346269+01@gmail.com
2025-01-07 23:59:09,996 - DEBUG - Email original: EduardaMartins4341138@gmail.com -> Email alterado: EduardaMartins4341138+01@gmail.com
2025-01-07 23:59:09,996 - DEBUG - Email original: EduardaMartins4349917@gmail.com -> Email alterado: EduardaMartins4349917+01@gmail.com
2025-01-07 23:59:09,997 - DEBUG - Email original: EduardaMartins4346293@gmail.com -> Email alterado: EduardaMartins4346293+01@gmail.com
2025-01-07 23:59:09,997 - DEBUG - Email original: EduardaMartins4349346@gmail.com -> Email alterado: EduardaMartins4349346+01@gmail.com
2025-01-07 23:59:09,997 - DEBUG - Email original: LuanaAraujo7485844@gmail.com -> Email alterado: LuanaAraujo7485844+01@gmail.com
2025-01-07 23:59:09,997 - DEBUG - Email original: LuanaAraujo7486092@gmail.com -> Email alterado: LuanaAraujo7486092+01@gmail.com
2025-01-07 23:59:09,997 - DEBUG - Email original: LuanaAraujo7483194@gmail.com -> Email alterado: LuanaAraujo7483194+01@gmail.com
2025-01-07 23:59:09,997 - DEBUG - Email original: LuanaAraujo7484842@gmail.com -> Email alterado: LuanaAraujo7484842+01@gmail.com
2025-01-07 23:59:09,997 - DEBUG - Email original: LuanaAraujo7486971@gmail.com -> Email alterado: LuanaAraujo7486971+01@gmail.com
2025-01-07 23:59:09,998 - DEBUG - Email original: MarianaRodrigues6878247@gmail.com -> Email alterado: MarianaRodrigues6878247+01@gmail.com
2025-01-07 23:59:09,998 - DEBUG - Email original: MarianaRodrigues6879027@gmail.com -> Email alterado: MarianaRodrigues6879027+01@gmail.com
2025-01-07 23:59:09,998 - DEBUG - Email original: MarianaRodrigues6879235@gmail.com -> Email alterado: MarianaRodrigues6879235+01@gmail.com
2025-01-07 23:59:09,998 - DEBUG - Email original: MarianaRodrigues6875877@gmail.com -> Email alterado: MarianaRodrigues6875877+01@gmail.com
2025-01-07 23:59:09,998 - DEBUG - Email original: MarianaRodrigues6879767@gmail.com -> Email alterado: MarianaRodrigues6879767+01@gmail.com
2025-01-07 23:59:09,998 - DEBUG - Email original: TatianaSilva6543969@gmail.com -> Email alterado: TatianaSilva6543969+01@gmail.com
2025-01-07 23:59:09,999 - DEBUG - Email original: TatianaSilva6547899@gmail.com -> Email alterado: TatianaSilva6547899+01@gmail.com
2025-01-07 23:59:09,999 - DEBUG - Email original: TatianaSilva6543544@gmail.com -> Email alterado: TatianaSilva6543544+01@gmail.com
2025-01-07 23:59:09,999 - DEBUG - Email original: TatianaSilva6547543@gmail.com -> Email alterado: TatianaSilva6547543+01@gmail.com
2025-01-07 23:59:09,999 - DEBUG - Email original: TatianaSilva6541907@gmail.com -> Email alterado: TatianaSilva6541907+01@gmail.com
2025-01-07 23:59:09,999 - DEBUG - Email original: RafaelaCarvalho9385500@gmail.com -> Email alterado: RafaelaCarvalho9385500+01@gmail.com
2025-01-07 23:59:09,999 - DEBUG - Email original: RafaelaCarvalho9388077@gmail.com -> Email alterado: RafaelaCarvalho9388077+01@gmail.com
2025-01-07 23:59:10,000 - DEBUG - Email original: RafaelaCarvalho9386195@gmail.com -> Email alterado: RafaelaCarvalho9386195+01@gmail.com
2025-01-07 23:59:10,000 - DEBUG - Email original: RafaelaCarvalho9381525@gmail.com -> Email alterado: RafaelaCarvalho9381525+01@gmail.com
2025-01-07 23:59:10,004 - DEBUG - Email original: RafaelaCarvalho9387130@gmail.com -> Email alterado: RafaelaCarvalho9387130+01@gmail.com
2025-01-07 23:59:10,004 - DEBUG - Email original: PatriciaSousa1705544@gmail.com -> Email alterado: PatriciaSousa1705544+01@gmail.com
2025-01-07 23:59:10,005 - DEBUG - Email original: PatriciaSousa1706564@gmail.com -> Email alterado: PatriciaSousa1706564+01@gmail.com
2025-01-07 23:59:10,005 - DEBUG - Email original: PatriciaSousa1701007@gmail.com -> Email alterado: PatriciaSousa1701007+01@gmail.com
2025-01-07 23:59:10,005 - DEBUG - Email original: PatriciaSousa1708158@gmail.com -> Email alterado: PatriciaSousa1708158+01@gmail.com
2025-01-07 23:59:10,005 - DEBUG - Email original: PatriciaSousa1701261@gmail.com -> Email alterado: PatriciaSousa1701261+01@gmail.com
2025-01-07 23:59:10,006 - DEBUG - Email original: IsabelaSousa5833796@gmail.com -> Email alterado: IsabelaSousa5833796+01@gmail.com
2025-01-07 23:59:10,006 - DEBUG - Email original: IsabelaSousa5833579@gmail.com -> Email alterado: IsabelaSousa5833579+01@gmail.com
2025-01-07 23:59:10,006 - DEBUG - Email original: IsabelaSousa5838064@gmail.com -> Email alterado: IsabelaSousa5838064+01@gmail.com
2025-01-07 23:59:10,006 - DEBUG - Email original: IsabelaSousa5832145@gmail.com -> Email alterado: IsabelaSousa5832145+01@gmail.com
2025-01-07 23:59:10,007 - DEBUG - Email original: IsabelaSousa5833288@gmail.com -> Email alterado: IsabelaSousa5833288+01@gmail.com
2025-01-07 23:59:10,007 - DEBUG - Email original: FernandaRodrigues5281922@gmail.com -> Email alterado: FernandaRodrigues5281922+01@gmail.com
2025-01-07 23:59:10,007 - DEBUG - Email original: FernandaRodrigues5282890@gmail.com -> Email alterado: FernandaRodrigues5282890+01@gmail.com
2025-01-07 23:59:10,007 - DEBUG - Email original: FernandaRodrigues5289560@gmail.com -> Email alterado: FernandaRodrigues5289560+01@gmail.com
2025-01-07 23:59:10,007 - DEBUG - Email original: FernandaRodrigues5284365@gmail.com -> Email alterado: FernandaRodrigues5284365+01@gmail.com
2025-01-07 23:59:10,007 - DEBUG - Email original: FernandaRodrigues5289716@gmail.com -> Email alterado: FernandaRodrigues5289716+01@gmail.com
2025-01-07 23:59:10,007 - DEBUG - Email original: BeatrizSantos7863717@gmail.com -> Email alterado: BeatrizSantos7863717+01@gmail.com
2025-01-07 23:59:10,007 - DEBUG - Email original: BeatrizSantos7864572@gmail.com -> Email alterado: BeatrizSantos7864572+01@gmail.com
2025-01-07 23:59:10,008 - DEBUG - Email original: BeatrizSantos7866490@gmail.com -> Email alterado: BeatrizSantos7866490+01@gmail.com
2025-01-07 23:59:10,008 - DEBUG - Email original: BeatrizSantos7866249@gmail.com -> Email alterado: BeatrizSantos7866249+01@gmail.com
2025-01-07 23:59:10,008 - DEBUG - Email original: BeatrizSantos7868596@gmail.com -> Email alterado: BeatrizSantos7868596+01@gmail.com
2025-01-07 23:59:10,008 - DEBUG - Email original: BeatrizPereira3784947@gmail.com -> Email alterado: BeatrizPereira3784947+01@gmail.com
2025-01-07 23:59:10,008 - DEBUG - Email original: BeatrizPereira3788831@gmail.com -> Email alterado: BeatrizPereira3788831+01@gmail.com
2025-01-07 23:59:10,009 - DEBUG - Email original: BeatrizPereira3784480@gmail.com -> Email alterado: BeatrizPereira3784480+01@gmail.com
2025-01-07 23:59:10,009 - DEBUG - Email original: BeatrizPereira3781831@gmail.com -> Email alterado: BeatrizPereira3781831+01@gmail.com
2025-01-07 23:59:10,009 - DEBUG - Email original: BeatrizPereira3784277@gmail.com -> Email alterado: BeatrizPereira3784277+01@gmail.com
2025-01-07 23:59:10,010 - DEBUG - Email original: GabrielaSilva6227553@gmail.com -> Email alterado: GabrielaSilva6227553+01@gmail.com
2025-01-07 23:59:10,010 - DEBUG - Email original: GabrielaSilva6221728@gmail.com -> Email alterado: GabrielaSilva6221728+01@gmail.com
2025-01-07 23:59:10,011 - DEBUG - Email original: GabrielaSilva6229340@gmail.com -> Email alterado: GabrielaSilva6229340+01@gmail.com
2025-01-07 23:59:10,011 - DEBUG - Email original: GabrielaSilva6226325@gmail.com -> Email alterado: GabrielaSilva6226325+01@gmail.com
2025-01-07 23:59:10,011 - DEBUG - Email original: GabrielaSilva6226454@gmail.com -> Email alterado: GabrielaSilva6226454+01@gmail.com
2025-01-07 23:59:10,012 - DEBUG - Email original: CntiaRochas1339977@gmail.com -> Email alterado: CntiaRochas1339977+01@gmail.com
2025-01-07 23:59:10,012 - DEBUG - Email original: CntiaRochas1333304@gmail.com -> Email alterado: CntiaRochas1333304+01@gmail.com
2025-01-07 23:59:10,012 - DEBUG - Email original: CntiaRochas1337654@gmail.com -> Email alterado: CntiaRochas1337654+01@gmail.com
2025-01-07 23:59:10,012 - DEBUG - Email original: CntiaRochas1337264@gmail.com -> Email alterado: CntiaRochas1337264+01@gmail.com
2025-01-07 23:59:10,012 - DEBUG - Email original: CntiaRochas1334071@gmail.com -> Email alterado: CntiaRochas1334071+01@gmail.com
2025-01-07 23:59:10,013 - DEBUG - Email original: NeideLima9835921@gmail.com -> Email alterado: NeideLima9835921+01@gmail.com
2025-01-07 23:59:10,013 - DEBUG - Email original: NeideLima9831803@gmail.com -> Email alterado: NeideLima9831803+01@gmail.com
2025-01-07 23:59:10,013 - DEBUG - Email original: NeideLima9832893@gmail.com -> Email alterado: NeideLima9832893+01@gmail.com
2025-01-07 23:59:10,013 - DEBUG - Email original: NeideLima9838359@gmail.com -> Email alterado: NeideLima9838359+01@gmail.com
2025-01-07 23:59:10,013 - DEBUG - Email original: NeideLima9839037@gmail.com -> Email alterado: NeideLima9839037+01@gmail.com
2025-01-07 23:59:10,018 - DEBUG - Email original: RafaelaRibeiro4073147@gmail.com -> Email alterado: RafaelaRibeiro4073147+01@gmail.com
2025-01-07 23:59:10,018 - DEBUG - Email original: RafaelaRibeiro4075646@gmail.com -> Email alterado: RafaelaRibeiro4075646+01@gmail.com
2025-01-07 23:59:10,019 - DEBUG - Email original: RafaelaRibeiro4077711@gmail.com -> Email alterado: RafaelaRibeiro4077711+01@gmail.com
2025-01-07 23:59:10,019 - DEBUG - Email original: RafaelaRibeiro4075594@gmail.com -> Email alterado: RafaelaRibeiro4075594+01@gmail.com
2025-01-07 23:59:10,019 - DEBUG - Email original: RafaelaRibeiro4071251@gmail.com -> Email alterado: RafaelaRibeiro4071251+01@gmail.com
